2018-01-10 10:41:24.993806: I tensorflow/core/platform/cpu_feature_guard.cc:137] Your CPU supports instructions that this TensorFlow binary was not compiled to use: SSE4.1 SSE4.2 AVX AVX2 FMA
INFO: Initialized!
[[0.54509854 0.56506181 0.5644536  ... 0.56618577 0.55777007 0.53331238]
 [0.56679231 0.57734603 0.58826703 ... 0.52719814 0.57045358 0.5524323 ]
 [0.55164814 0.59449697 0.54559666 ... 0.55479145 0.53969848 0.56608641]
 ...
 [0.55899429 0.53803015 0.58766031 ... 0.52220267 0.52572256 0.51996201]
 [0.56566393 0.60772282 0.55370116 ... 0.52903908 0.51339608 0.50739789]
 [0.57309467 0.53571951 0.56059146 ... 0.54539204 0.52820086 0.5267604 ]]
[[ True  True  True ...  True  True  True]
 [ True  True  True ...  True  True  True]
 [ True  True  True ...  True  True  True]
 ...
 [ True  True  True ...  True  True  True]
 [ True  True  True ...  True  True  True]
 [ True  True  True ...  True  True  True]]
[[0.54096973 0.57996595 0.55967915 ... 0.5850423  0.56218159 0.53167331]
 [0.58157969 0.62225592 0.57468021 ... 0.52825856 0.57225674 0.55260354]
 [0.5438323  0.58000606 0.53011602 ... 0.56849641 0.54108262 0.55998993]
 ...
 [0.55734253 0.53671992 0.57865232 ... 0.52589643 0.52490908 0.51614541]
 [0.55468875 0.60122299 0.55226034 ... 0.53263426 0.51311445 0.50738949]
 [0.57266688 0.54241937 0.58554757 ... 0.5457387  0.52712953 0.52504921]]
[[ True  True  True ...  True  True  True]
 [ True  True  True ...  True  True  True]
 [ True  True  True ...  True  True  True]
 ...
 [ True  True  True ...  True  True  True]
 [ True  True  True ...  True  True  True]
 [ True  True  True ...  True  True  True]]
[[0.54641533 0.57017809 0.56132871 ... 0.5570389  0.52285761 0.51398754]
 [0.5883795  0.60892683 0.58344698 ... 0.53527778 0.5381465  0.53233212]
 [0.55073649 0.59162349 0.5386138  ... 0.54067367 0.52561188 0.52855659]
 ...
 [0.5448249  0.52519912 0.54418433 ... 0.54354179 0.58041722 0.56832719]
 [0.54427081 0.5882839  0.53956634 ... 0.56529677 0.59943634 0.57034034]
 [0.54758537 0.52241516 0.53865653 ... 0.59949124 0.60556531 0.54897767]]
[[ True  True  True ...  True  True  True]
 [ True  True  True ...  True  True  True]
 [ True  True  True ...  True  True  True]
 ...
 [ True  True  True ...  True  True  True]
 [ True  True  True ...  True  True  True]
 [ True  True  True ...  True  True  True]]
[[0.54475307 0.57926381 0.56503332 ... 0.59002388 0.59159136 0.54527795]
 [0.58020371 0.61003226 0.57658535 ... 0.60061276 0.60502923 0.57203054]
 [0.54599965 0.57657462 0.53522223 ... 0.59677929 0.54801685 0.5880186 ]
 ...
 [0.56768912 0.54235834 0.60482109 ... 0.5309847  0.54900545 0.55345553]
 [0.56842554 0.63018006 0.56342822 ... 0.53426296 0.54690754 0.51830882]
 [0.60321629 0.55782127 0.60028744 ... 0.56866944 0.54678667 0.5392589 ]]
[[ True  True  True ...  True  True  True]
 [ True  True  True ...  True  True  True]
 [ True  True  True ...  True  True  True]
 ...
 [ True  True  True ...  True  True  True]
 [ True  True  True ...  True  True  True]
 [ True  True  True ...  True  True  True]]
[[0.55080634 0.60080218 0.56439036 ... 0.57332325 0.52246904 0.54201096]
 [0.58422941 0.58028144 0.57574105 ... 0.57593882 0.55843753 0.55353874]
 [0.5676772  0.58117563 0.54677784 ... 0.52617878 0.52121085 0.51434898]
 ...
 [0.55667257 0.54769248 0.56309354 ... 0.5291304  0.54385525 0.53495103]
 [0.52749914 0.55968755 0.53202385 ... 0.53007615 0.5339039  0.51324409]
 [0.56021208 0.52603799 0.55519503 ... 0.55007106 0.53901726 0.53900343]]
[[ True  True  True ...  True  True  True]
 [ True  True  True ...  True  True  True]
 [ True  True  True ...  True  True  True]
 ...
 [ True  True  True ...  True  True  True]
 [ True  True  True ...  True  True  True]
 [ True  True  True ...  True  True  True]]
[[0.54321045 0.57448119 0.56721246 ... 0.55708838 0.52354795 0.51355869]
 [0.57396621 0.5914923  0.58911014 ... 0.5475738  0.54074717 0.53524971]
 [0.55403554 0.59727305 0.54408556 ... 0.54222143 0.52086353 0.53559786]
 ...
 [0.55845976 0.55116004 0.53931034 ... 0.54101098 0.53992444 0.5303157 ]
 [0.52182674 0.51703852 0.51538485 ... 0.5269528  0.53289038 0.51254845]
 [0.5459137  0.54407144 0.55837625 ... 0.53646612 0.53178543 0.51821679]]
[[ True  True  True ...  True  True  True]
 [ True  True  True ...  True  True  True]
 [ True  True  True ...  True  True  True]
 ...
 [ True  True  True ...  True  True  True]
 [ True  True  True ...  True  True  True]
 [ True  True  True ...  True  True  True]]
[[0.54547089 0.56260026 0.55193061 ... 0.55142522 0.52204067 0.51013136]
 [0.60064465 0.63496023 0.57119256 ... 0.52878106 0.53522891 0.52995974]
 [0.53979796 0.57054329 0.52880728 ... 0.54358405 0.5258708  0.52687371]
 ...
 [0.54504555 0.52414823 0.56881535 ... 0.5165233  0.51598632 0.51259845]
 [0.52647394 0.54061514 0.54782492 ... 0.52862799 0.5143736  0.53198004]
 [0.53047061 0.5187403  0.54935324 ... 0.52984101 0.52716005 0.52079165]]
[[ True  True  True ...  True  True  True]
 [ True  True  True ...  True  True  True]
 [ True  True  True ...  True  True  True]
 ...
 [ True  True  True ...  True  True  True]
 [ True  True  True ...  True  True  True]
 [ True  True  True ...  True  True  True]]
[[0.5458464  0.59510833 0.54543656 ... 0.57327104 0.55806679 0.52775311]
 [0.57935411 0.6058929  0.56171119 ... 0.56840205 0.57353824 0.55556506]
 [0.54581988 0.56572503 0.52929753 ... 0.56665212 0.5388146  0.57065028]
 ...
 [0.53988242 0.52478647 0.5455395  ... 0.52483207 0.53681934 0.55417317]
 [0.51497126 0.54100019 0.52615476 ... 0.53030783 0.52991843 0.52689385]
 [0.53045857 0.51906908 0.55159366 ... 0.54228008 0.53813356 0.51609719]]
[[ True  True  True ...  True  True  True]
 [ True  True  True ...  True  True  True]
 [ True  True  True ...  True  True  True]
 ...
 [ True  True  True ...  True  True  True]
 [ True  True  True ...  True  True  True]
 [ True  True  True ...  True  True  True]]
[[0.54103804 0.56971282 0.54983991 ... 0.56310517 0.52934319 0.51786327]
 [0.58599567 0.60990953 0.56861639 ... 0.55876213 0.54274851 0.53958601]
 [0.54111713 0.57390964 0.53131092 ... 0.53736252 0.52024508 0.53890914]
 ...
 [0.5607667  0.55190408 0.55564809 ... 0.51485318 0.51395297 0.51055574]
 [0.51834416 0.53372335 0.51965499 ... 0.53251481 0.51457566 0.5257172 ]
 [0.53975707 0.5256604  0.55420917 ... 0.51947033 0.52413416 0.51019698]]
[[ True  True  True ...  True  True  True]
 [ True  True  True ...  True  True  True]
 [ True  True  True ...  True  True  True]
 ...
 [ True  True  True ...  True  True  True]
 [ True  True  True ...  True  True  True]
 [ True  True  True ...  True  True  True]]
Traceback (most recent call last):
  File "controler/controler.py", line 45, in <module>
    main("./configs/training_configs.json")
  File "controler/controler.py", line 20, in main
    morning.val()
  File "/home/heaf/yclei/morning/dawn/dawn.py", line 35, in val
    acu += self.get_accuracy(result, label)
  File "/home/heaf/yclei/morning/dawn/dawn.py", line 102, in get_accuracy
    if img[i] == lab[i]:
KeyboardInterrupt
